[2022-03-29T14:21:51.978158+00:00] error.log.ERROR: GET http://docketu.iutnc.univ-lorraine.fr:62640/ : malformed uri [] []
[2022-03-29T14:21:52.953461+00:00] error.log.ERROR: GET http://docketu.iutnc.univ-lorraine.fr:62640/favicon.ico : bad method - OPTIONS wanted [] []
[2022-03-29T14:22:11.214516+00:00] error.log.ERROR: GET http://docketu.iutnc.univ-lorraine.fr:62640/favicon.ico : bad method - OPTIONS wanted [] []
[2022-03-29T14:22:21.719400+00:00] error.log.ERROR: GET http://docketu.iutnc.univ-lorraine.fr:62640/user : bad method - OPTIONS wanted [] []
[2022-03-29T14:22:22.302105+00:00] error.log.ERROR: GET http://docketu.iutnc.univ-lorraine.fr:62640/favicon.ico : bad method - OPTIONS wanted [] []
[2022-03-29T14:23:15.116685+00:00] error.log.ERROR: GET http://docketu.iutnc.univ-lorraine.fr:62640/favicon.ico : bad method - OPTIONS wanted [] []
[2022-03-29T14:23:46.360116+00:00] error.log.ERROR: GET http://docketu.iutnc.univ-lorraine.fr:62640/favicon.ico : bad method - OPTIONS wanted [] []
[2022-03-29T14:25:21.188025+00:00] error.log.ERROR: GET http://docketu.iutnc.univ-lorraine.fr:62640/favicon.ico : bad method - OPTIONS wanted [] []
[2022-03-29T14:25:26.571156+00:00] error.log.ERROR: GET http://docketu.iutnc.univ-lorraine.fr:62640/favicon.ico : bad method - OPTIONS wanted [] []
[2022-03-29T14:26:12.853269+00:00] error.log.ERROR: GET http://docketu.iutnc.univ-lorraine.fr:62640/favicon.ico : bad method - OPTIONS wanted [] []
[2022-03-29T14:27:31.013135+00:00] error.log.ERROR: GET http://docketu.iutnc.univ-lorraine.fr:62640/favicon.ico : bad method - OPTIONS wanted [] []
[2022-03-29T14:27:34.207565+00:00] error.log.ERROR: GET http://docketu.iutnc.univ-lorraine.fr:62640/favicon.ico : bad method - OPTIONS wanted [] []
[2022-03-29T14:27:56.376855+00:00] error.log.ERROR: GET http://docketu.iutnc.univ-lorraine.fr:62640/favicon.ico : bad method - OPTIONS wanted [] []
[2022-03-29T14:28:47.019425+00:00] error.log.ERROR: GET http://docketu.iutnc.univ-lorraine.fr:62640/favicon.ico : bad method - OPTIONS wanted [] []
[2022-03-29T14:28:50.543700+00:00] error.log.ERROR: GET http://docketu.iutnc.univ-lorraine.fr:62640/favicon.ico : bad method - OPTIONS wanted [] []
[2022-03-29T14:34:27.631074+00:00] error.log.ERROR: GET http://docketu.iutnc.univ-lorraine.fr:62640/favicon.ico : bad method - OPTIONS wanted [] []
[2022-03-29T14:34:37.799467+00:00] error.log.ERROR: GET http://docketu.iutnc.univ-lorraine.fr:62640/favicon.ico : bad method - OPTIONS wanted [] []
[2022-03-29T14:34:58.147263+00:00] error.log.ERROR: GET http://docketu.iutnc.univ-lorraine.fr:62640/favicon.ico : bad method - OPTIONS wanted [] []
[2022-03-29T14:37:32.561518+00:00] error.log.ERROR: GET http://docketu.iutnc.univ-lorraine.fr:62640/favicon.ico : bad method - OPTIONS wanted [] []
[2022-03-29T14:37:34.728463+00:00] error.log.ERROR: GET http://docketu.iutnc.univ-lorraine.fr:62640/favicon.ico : bad method - OPTIONS wanted [] []
[2022-03-29T14:37:40.513773+00:00] error.log.ERROR: GET http://docketu.iutnc.univ-lorraine.fr:62640/favicon.ico : bad method - OPTIONS wanted [] []
[2022-03-29T14:37:44.799961+00:00] error.log.ERROR: GET http://docketu.iutnc.univ-lorraine.fr:62640/event/ : bad method - POST, OPTIONS wanted [] []
[2022-03-29T14:37:45.364748+00:00] error.log.ERROR: GET http://docketu.iutnc.univ-lorraine.fr:62640/favicon.ico : bad method - OPTIONS wanted [] []
[2022-03-29T14:38:22.543980+00:00] error.log.ERROR: GET http://docketu.iutnc.univ-lorraine.fr:62640/event/ : bad method - POST, OPTIONS wanted [] []
[2022-03-29T14:38:23.147985+00:00] error.log.ERROR: GET http://docketu.iutnc.univ-lorraine.fr:62640/favicon.ico : bad method - OPTIONS wanted [] []
[2022-03-29T14:38:25.890393+00:00] error.log.ERROR: GET http://docketu.iutnc.univ-lorraine.fr:62640/favicon.ico : bad method - OPTIONS wanted [] []
[2022-03-29T14:39:30.345101+00:00] error.log.ERROR: GET http://docketu.iutnc.univ-lorraine.fr:62640/favicon.ico : bad method - OPTIONS wanted [] []
[2022-03-29T14:41:04.722699+00:00] error.log.ERROR: GET http://docketu.iutnc.univ-lorraine.fr:62640/favicon.ico : bad method - OPTIONS wanted [] []
[2022-03-29T14:43:47.129594+00:00] error.log.ERROR: error | 500 | Argument 1 passed to reu\back1\app\utils\Writer::json_error() must implement interface Psr\Http\Message\ResponseInterface, null given, called in /var/www/src/app/controller/MemberController.php on line 107 | /var/www/src/app/utils/Writer.phpline: 18 [] []
[2022-03-29T15:03:36.938295+00:00] error.log.ERROR: GET http://docketu.iutnc.univ-lorraine.fr:62640/favicon.ico : bad method - OPTIONS wanted [] []
[2022-03-29T15:08:07.241355+00:00] error.log.ERROR: GET http://docketu.iutnc.univ-lorraine.fr:62640/favicon.ico : bad method - OPTIONS wanted [] []
[2022-03-29T15:08:18.975143+00:00] error.log.ERROR: error | 500 | syntax error, unexpected ',' | /var/www/src/app/controller/CommentController.phpline: 77 [] []
[2022-03-29T15:08:19.889723+00:00] error.log.ERROR: GET http://docketu.iutnc.univ-lorraine.fr:62640/favicon.ico : bad method - OPTIONS wanted [] []
[2022-03-29T15:09:25.285474+00:00] error.log.ERROR: error | 500 | syntax error, unexpected ',' | /var/www/src/app/controller/CommentController.phpline: 77 [] []
[2022-03-29T15:12:30.544006+00:00] error.log.ERROR: error | 500 | syntax error, unexpected ',' | /var/www/src/app/controller/CommentController.phpline: 77 [] []
[2022-03-29T15:12:31.457809+00:00] error.log.ERROR: GET http://docketu.iutnc.univ-lorraine.fr:62640/favicon.ico : bad method - OPTIONS wanted [] []
[2022-03-29T15:12:32.206320+00:00] error.log.ERROR: error | 500 | syntax error, unexpected ',' | /var/www/src/app/controller/CommentController.phpline: 77 [] []
[2022-03-29T15:12:32.681648+00:00] error.log.ERROR: error | 500 | syntax error, unexpected ',' | /var/www/src/app/controller/CommentController.phpline: 77 [] []
[2022-03-29T15:12:33.296285+00:00] error.log.ERROR: error | 500 | syntax error, unexpected ',' | /var/www/src/app/controller/CommentController.phpline: 77 [] []
[2022-03-29T15:12:34.272849+00:00] error.log.ERROR: GET http://docketu.iutnc.univ-lorraine.fr:62640/favicon.ico : bad method - OPTIONS wanted [] []
[2022-03-29T15:14:18.761174+00:00] error.log.ERROR: error | 500 | syntax error, unexpected ',' | /var/www/src/app/controller/CommentController.phpline: 77 [] []
[2022-03-29T15:14:19.634989+00:00] error.log.ERROR: GET http://docketu.iutnc.univ-lorraine.fr:62640/favicon.ico : bad method - OPTIONS wanted [] []
[2022-03-29T15:14:23.766379+00:00] error.log.ERROR: GET http://docketu.iutnc.univ-lorraine.fr:62640/favicon.ico : bad method - OPTIONS wanted [] []
[2022-03-29T15:14:50.846753+00:00] error.log.ERROR: GET http://docketu.iutnc.univ-lorraine.fr:62640/favicon.ico : bad method - OPTIONS wanted [] []
[2022-03-29T15:14:53.039796+00:00] error.log.ERROR: error | 500 | syntax error, unexpected ',' | /var/www/src/app/controller/CommentController.phpline: 77 [] []
[2022-03-29T15:14:53.943631+00:00] error.log.ERROR: GET http://docketu.iutnc.univ-lorraine.fr:62640/favicon.ico : bad method - OPTIONS wanted [] []
[2022-03-29T15:15:15.720504+00:00] error.log.ERROR: error | 500 | syntax error, unexpected ',' | /var/www/src/app/controller/CommentController.phpline: 77 [] []
[2022-03-29T15:15:16.524836+00:00] error.log.ERROR: GET http://docketu.iutnc.univ-lorraine.fr:62640/favicon.ico : bad method - OPTIONS wanted [] []
[2022-03-29T15:15:34.912605+00:00] error.log.ERROR: error | 500 | syntax error, unexpected ',' | /var/www/src/app/controller/CommentController.phpline: 77 [] []
[2022-03-29T15:15:35.502102+00:00] error.log.ERROR: GET http://docketu.iutnc.univ-lorraine.fr:62640/favicon.ico : bad method - OPTIONS wanted [] []
[2022-03-29T15:17:09.515881+00:00] error.log.ERROR: error | 500 | syntax error, unexpected ',' | /var/www/src/app/controller/CommentController.phpline: 77 [] []
[2022-03-29T15:17:10.472561+00:00] error.log.ERROR: GET http://docketu.iutnc.univ-lorraine.fr:62640/favicon.ico : bad method - OPTIONS wanted [] []
[2022-03-29T15:17:11.232573+00:00] error.log.ERROR: error | 500 | syntax error, unexpected ',' | /var/www/src/app/controller/CommentController.phpline: 77 [] []
[2022-03-29T15:17:11.714408+00:00] error.log.ERROR: error | 500 | syntax error, unexpected ',' | /var/www/src/app/controller/CommentController.phpline: 77 [] []
[2022-03-29T15:17:12.177638+00:00] error.log.ERROR: error | 500 | syntax error, unexpected ',' | /var/www/src/app/controller/CommentController.phpline: 77 [] []
[2022-03-29T15:17:12.732979+00:00] error.log.ERROR: GET http://docketu.iutnc.univ-lorraine.fr:62640/favicon.ico : bad method - OPTIONS wanted [] []
[2022-03-29T15:25:36.717864+00:00] error.log.ERROR: GET http://docketu.iutnc.univ-lorraine.fr:62640/ : malformed uri [] []
[2022-03-29T15:25:37.653745+00:00] error.log.ERROR: GET http://docketu.iutnc.univ-lorraine.fr:62640/favicon.ico : bad method - OPTIONS wanted [] []
[2022-03-29T15:25:43.063663+00:00] error.log.ERROR: GET http://docketu.iutnc.univ-lorraine.fr:62640/favicon.ico : bad method - OPTIONS wanted [] []
[2022-03-29T15:56:29.384076+00:00] error.log.ERROR: GET http://docketu.iutnc.univ-lorraine.fr:62640/ : malformed uri [] []
[2022-03-29T15:56:30.646018+00:00] error.log.ERROR: GET http://docketu.iutnc.univ-lorraine.fr:62640/favicon.ico : bad method - OPTIONS wanted [] []
[2022-03-30T20:12:35.687035+00:00] error.log.ERROR: error | 500 | syntax error, unexpected ',' | /var/www/src/app/controller/CommentController.phpline: 77 [] []
[2022-03-30T20:12:36.678156+00:00] error.log.ERROR: GET http://docketu.iutnc.univ-lorraine.fr:62640/favicon.ico : bad method - OPTIONS wanted [] []
[2022-03-30T20:14:59.609559+00:00] error.log.ERROR: error | 500 | syntax error, unexpected ',' | /var/www/src/app/controller/CommentController.phpline: 77 [] []
[2022-03-30T20:15:00.594586+00:00] error.log.ERROR: GET http://docketu.iutnc.univ-lorraine.fr:62640/favicon.ico : bad method - OPTIONS wanted [] []
[2022-03-30T20:15:09.662460+00:00] error.log.ERROR: GET http://docketu.iutnc.univ-lorraine.fr:62640/ : malformed uri [] []
[2022-03-30T20:15:10.602247+00:00] error.log.ERROR: GET http://docketu.iutnc.univ-lorraine.fr:62640/favicon.ico : bad method - OPTIONS wanted [] []
[2022-03-30T20:15:16.035468+00:00] error.log.ERROR: error | 500 | syntax error, unexpected ',' | /var/www/src/app/controller/CommentController.phpline: 77 [] []
[2022-03-30T20:15:16.954712+00:00] error.log.ERROR: GET http://docketu.iutnc.univ-lorraine.fr:62640/favicon.ico : bad method - OPTIONS wanted [] []
[2022-03-30T20:18:20.484400+00:00] error.log.ERROR: GET http://docketu.iutnc.univ-lorraine.fr:62640/favicon.ico : bad method - OPTIONS wanted [] []
[2022-03-30T20:29:55.519830+00:00] error.log.ERROR: error | 500 | syntax error, unexpected ',' | /var/www/src/app/controller/CommentController.phpline: 78 [] []
[2022-03-30T20:29:56.381188+00:00] error.log.ERROR: GET http://docketu.iutnc.univ-lorraine.fr:62640/favicon.ico : bad method - OPTIONS wanted [] []
[2022-03-30T20:33:18.804785+00:00] error.log.ERROR: GET http://docketu.iutnc.univ-lorraine.fr:62640/comment/1 : bad method - POST, OPTIONS wanted [] []
[2022-03-30T20:33:19.419798+00:00] error.log.ERROR: GET http://docketu.iutnc.univ-lorraine.fr:62640/favicon.ico : bad method - OPTIONS wanted [] []
[2022-03-30T20:33:38.480378+00:00] error.log.ERROR: GET http://docketu.iutnc.univ-lorraine.fr:62640/favicon.ico : bad method - OPTIONS wanted [] []
